<?xml version="1.0" encoding="UTF-8"?>
<!-- Generated by org.testng.reporters.JUnitReportReporter -->
<testsuite hostname="DESKTOP-E6KNSA1" name="com.automation.tests.GoogleSearch" tests="1" failures="0" timestamp="21 Dec 2019 13:43:08 GMT" time="12.817" errors="0">
  <testcase name="search_test" time="12.817" classname="com.automation.tests.GoogleSearch"/>
</testsuite> <!-- com.automation.tests.GoogleSearch -->
